c:\projects\imgui_integration_unity\imgui_integration_unity\x64\release\vc141.pdb
c:\projects\imgui_integration_unity\imgui_integration_unity\x64\release\imgui_impl_win32.obj
c:\projects\imgui_integration_unity\imgui_integration_unity\x64\release\imgui_impl_dx11.obj
c:\projects\imgui_integration_unity\imgui_integration_unity\x64\release\imgui_widgets.obj
c:\projects\imgui_integration_unity\imgui_integration_unity\x64\release\imgui_draw.obj
c:\projects\imgui_integration_unity\imgui_integration_unity\x64\release\imgui.obj
c:\projects\imgui_integration_unity\imgui_integration_unity\x64\release\nativeplugin.obj
c:\projects\imgui_integration_unity\x64\release\imgui_integration_unity.lib
c:\projects\imgui_integration_unity\x64\release\imgui_integration_unity.exp
c:\projects\imgui_integration_unity\x64\release\imgui_integration_unity.ipdb
c:\projects\imgui_integration_unity\x64\release\imgui_integration_unity.iobj
c:\projects\imgui_integration_unity\x64\release\imgui_integration_unity.dll
c:\projects\imgui_integration_unity\x64\release\imgui_integration_unity.pdb
c:\projects\imgui_integration_unity\imgui_integration_unity\x64\release\imgui_in.08e0d239.tlog\cl.command.1.tlog
c:\projects\imgui_integration_unity\imgui_integration_unity\x64\release\imgui_in.08e0d239.tlog\cl.read.1.tlog
c:\projects\imgui_integration_unity\imgui_integration_unity\x64\release\imgui_in.08e0d239.tlog\cl.write.1.tlog
c:\projects\imgui_integration_unity\imgui_integration_unity\x64\release\imgui_in.08e0d239.tlog\imgui_integration_unity.write.1u.tlog
c:\projects\imgui_integration_unity\imgui_integration_unity\x64\release\imgui_in.08e0d239.tlog\link.command.1.tlog
c:\projects\imgui_integration_unity\imgui_integration_unity\x64\release\imgui_in.08e0d239.tlog\link.delete.1.tlog
c:\projects\imgui_integration_unity\imgui_integration_unity\x64\release\imgui_in.08e0d239.tlog\link.read.1.tlog
c:\projects\imgui_integration_unity\imgui_integration_unity\x64\release\imgui_in.08e0d239.tlog\link.write.1.tlog
